0 info it worked if it ends with ok
1 verbose cli [ 'f:\\software\\nodejs\\node.exe',
1 verbose cli   'f:\\software\\nodejs\\node_modules\\npm\\bin\\npm-cli.js',
1 verbose cli   'start' ]
2 info using npm@2.0.0-beta.0
3 info using node@v0.10.31
4 verbose run-script [ 'prestart', 'start', 'poststart' ]
5 info prestart chart-demo@0.0.1
6 info start chart-demo@0.0.1
7 verbose unsafe-perm in lifecycle true
8 info chart-demo@0.0.1 Failed to exec start script
9 error chart-demo@0.0.1 start: `node server.js`
9 error Exit status 8
10 error Failed at the chart-demo@0.0.1 start script.
10 error This is most likely a problem with the chart-demo package,
10 error not with npm itself.
10 error Tell the author that this fails on your system:
10 error     node server.js
10 error You can get their info via:
10 error     npm owner ls chart-demo
10 error There is likely additional logging output above.
11 error System Windows_NT 6.2.9200
12 error command "f:\\software\\nodejs\\node.exe" "f:\\software\\nodejs\\node_modules\\npm\\bin\\npm-cli.js" "start"
13 error cwd G:\github\hoho
14 error node -v v0.10.31
15 error npm -v 2.0.0-beta.0
16 error code ELIFECYCLE
17 verbose exit [ 1, true ]
